<?xml version="1.0" encoding="UTF-8"?>
<!-- Generated by org.testng.reporters.JUnitReportReporter -->
<testsuite hostname="LAPTOP-EV48PMBJ" failures="0" tests="4" name="FuctinalTesting.FunctionalTesting" time="15.926" errors="0" timestamp="2024-03-13T21:35:44 IST" skipped="0">
  <testcase classname="FuctinalTesting.FunctionalTesting" name="positiveScenario" time="4.770"/>
  <testcase classname="FuctinalTesting.FunctionalTesting" name="negativeScenario" time="3.322"/>
  <testcase classname="FuctinalTesting.FunctionalTesting" name="passwordErrorValidation" time="4.078"/>
  <testcase classname="FuctinalTesting.FunctionalTesting" name="loginWithEnterKeyword" time="3.756"/>
</testsuite> <!-- FuctinalTesting.FunctionalTesting -->
