<?xml version="1.0" encoding="UTF-8"?>
<!-- Generated by org.testng.reporters.JUnitReportReporter -->
<testsuite hostname="LAPTOP-EV48PMBJ" failures="0" tests="4" name="FuctinalTesting.testing" time="14.916" errors="0" timestamp="2024-03-13T21:25:17 IST" skipped="0">
  <testcase classname="FuctinalTesting.testing" name="positiveScenario" time="4.640"/>
  <testcase classname="FuctinalTesting.testing" name="negativeScenario" time="3.375"/>
  <testcase classname="FuctinalTesting.testing" name="passwordErrorValidation" time="3.061"/>
  <testcase classname="FuctinalTesting.testing" name="loginWithEnterKeyword" time="3.840"/>
</testsuite> <!-- FuctinalTesting.testing -->
