<?xml version="1.0" encoding="UTF-8"?>
<!-- Generated by org.testng.reporters.JUnitReportReporter -->
<testsuite hostname="LAPTOP-EV48PMBJ" failures="0" tests="4" name="FuctinalTesting.LoginFunctionality" time="19.866" errors="0" timestamp="2024-03-13T16:55:49 IST" skipped="0">
  <testcase classname="FuctinalTesting.LoginFunctionality" name="positiveScenario" time="5.645"/>
  <testcase classname="FuctinalTesting.LoginFunctionality" name="negetiveScenario" time="4.942"/>
  <testcase classname="FuctinalTesting.LoginFunctionality" name="passwordErrorValidation" time="4.462"/>
  <testcase classname="FuctinalTesting.LoginFunctionality" name="loginFunction" time="4.817"/>
</testsuite> <!-- FuctinalTesting.LoginFunctionality -->
